<?xml version="1.0" encoding="UTF-8"?>
<testsuite name="Annotation Test"
           tests="2"
           failures="0"
           errors="0"
           skipped="0"
           time="0.009">
    <properties></properties>



            <testcase
                name="testMultiplication"
                time="0.007"
                classname="AssertTest">
            </testcase>
            <testcase
                name="testDivision"
                time="0.002"
                classname="AssertTest">
            </testcase>
</testsuite>
