<?xml version="1.0" encoding="UTF-8"?>
<testsuite name="Division Test"
           tests="7"
           failures="0"
           errors="0"
           skipped="0"
           time="0.064">
    <properties></properties>



            <testcase
                name="testInvalidDivision"
                time="0.016"
                classname="exampleTest">
            </testcase>
            <testcase
                name="testDivision"
                time="0.001"
                classname="exampleTest">
            </testcase>
            <testcase
                name="testDivision"
                time="0.002"
                classname="exampleTest">
            </testcase>
            <testcase
                name="testDivision"
                time="0.039"
                classname="exampleTest">
            </testcase>
            <testcase
                name="testDivision"
                time="0.001"
                classname="exampleTest">
            </testcase>
            <testcase
                name="testDivision"
                time="0.001"
                classname="exampleTest">
            </testcase>
            <testcase
                name="testDivision"
                time="0.004"
                classname="exampleTest">
            </testcase>
</testsuite>
