<?xml version="1.0" encoding="UTF-8"?>
<testsuite name="Grading Test"
           tests="17"
           failures="0"
           errors="0"
           skipped="0"
           time="0.052">
    <properties></properties>



            <testcase
                name="testGetGrade"
                time="0.001"
                classname="GradeCalculatorTest">
            </testcase>
            <testcase
                name="testGetGrade"
                time="0.001"
                classname="GradeCalculatorTest">
            </testcase>
            <testcase
                name="testGetGrade"
                time="0.001"
                classname="GradeCalculatorTest">
            </testcase>
            <testcase
                name="testGetGrade"
                time="0.002"
                classname="GradeCalculatorTest">
            </testcase>
            <testcase
                name="testGetGrade"
                time="0.001"
                classname="GradeCalculatorTest">
            </testcase>
            <testcase
                name="testGetGrade"
                time="0.001"
                classname="GradeCalculatorTest">
            </testcase>
            <testcase
                name="testGetGrade"
                time="0.001"
                classname="GradeCalculatorTest">
            </testcase>
            <testcase
                name="testGetGrade"
                time="0.002"
                classname="GradeCalculatorTest">
            </testcase>
            <testcase
                name="testGetGrade"
                time="0.011"
                classname="GradeCalculatorTest">
            </testcase>
            <testcase
                name="testGetGrade"
                time="0.001"
                classname="GradeCalculatorTest">
            </testcase>
            <testcase
                name="testGetGrade"
                time="0.025"
                classname="GradeCalculatorTest">
            </testcase>
            <testcase
                name="testGetGrade"
                time="0.000"
                classname="GradeCalculatorTest">
            </testcase>
            <testcase
                name="testGetGrade"
                time="0.002"
                classname="GradeCalculatorTest">
            </testcase>
            <testcase
                name="testGetGrade"
                time="0.001"
                classname="GradeCalculatorTest">
            </testcase>
            <testcase
                name="testGetGrade"
                time="0.001"
                classname="GradeCalculatorTest">
            </testcase>
            <testcase
                name="testGetGrade"
                time="0.001"
                classname="GradeCalculatorTest">
            </testcase>
            <testcase
                name="testGetGrade"
                time="0.000"
                classname="GradeCalculatorTest">
            </testcase>
</testsuite>
